
fsck_hfs started at Fri Oct 23 19:49:02 2015
** /dev/rdisk2s2 (NO WRITE)
   Executing fsck_hfs (version hfs-285).
** Checking non-journaled HFS Plus Volume.
   The volume name is Google Chrome
** Checking extents overflow file.
** Checking catalog file.
** Checking multi-linked files.
** Checking catalog hierarchy.
** Checking volume bitmap.
** Checking volume information.
** The volume Google Chrome appears to be OK.
fsck_hfs completed at Fri Oct 23 19:49:02 2015


fsck_hfs started at Sat Oct 24 09:24:26 2015
** /dev/rdisk3s1 (NO WRITE)
   Executing fsck_hfs (version hfs-285).
** Checking Journaled HFS Plus volume.
   The volume name is Sublime Text
** Checking extents overflow file.
** Checking catalog file.
** Checking multi-linked files.
** Checking catalog hierarchy.
** Checking extended attributes file.
** Checking volume bitmap.
** Checking volume information.
** The volume Sublime Text appears to be OK.
fsck_hfs completed at Sat Oct 24 09:24:26 2015

