2015-10-23 16:22:42 -0700 [FaceTimeServiceSession(imagent:361:YES):Default] Priming FaceTime Server bag
2015-10-23 16:22:42 -0700 [FaceTimeServiceSession(imagent:361:YES):Default] ...done
2015-10-23 16:22:42 -0700 [FaceTimeServiceSession(imagent:361:YES):Default] Building push listener
2015-10-23 16:22:42 -0700 [FaceTimeServiceSession(imagent:361:YES):Default]   =>  Returning topic: com.apple.private.ac
2015-10-23 16:22:42 -0700 [FaceTimeServiceSession(imagent:361:YES):Default]   =>  Returning topic: com.apple.ess
2015-10-23 16:22:42 -0700 [FaceTimeServiceSession(imagent:361:YES):Default]   => Topics: (
    "com.apple.private.ac",
    "com.apple.ess"
)
2015-10-23 16:22:42 -0700 [FaceTimeServiceSession(imagent:361:YES):Default] ...done
2015-10-23 16:22:42 -0700 [FaceTimeServiceSession(imagent:361:YES):Default] Building Message delivery
2015-10-23 16:22:42 -0700 [FaceTimeServiceSession(imagent:361:YES):Default] Building Message delivery
2015-10-23 16:22:42 -0700 [FaceTimeServiceSession(imagent:361:YES):Default] ...done
2015-10-26 16:31:29 -0400 [FaceTimeServiceSession(imagent:261:YES):Default] Priming FaceTime Server bag
2015-10-26 16:31:29 -0400 [FaceTimeServiceSession(imagent:261:YES):Default] ...done
2015-10-26 16:31:29 -0400 [FaceTimeServiceSession(imagent:261:YES):Default] Building push listener
2015-10-26 16:31:29 -0400 [FaceTimeServiceSession(imagent:261:YES):Default]   =>  Returning topic: com.apple.private.ac
2015-10-26 16:31:29 -0400 [FaceTimeServiceSession(imagent:261:YES):Default]   =>  Returning topic: com.apple.ess
2015-10-26 16:31:29 -0400 [FaceTimeServiceSession(imagent:261:YES):Default]   => Topics: (
    "com.apple.private.ac",
    "com.apple.ess"
)
2015-10-26 16:31:29 -0400 [FaceTimeServiceSession(imagent:261:YES):Default] ...done
2015-10-26 16:31:29 -0400 [FaceTimeServiceSession(imagent:261:YES):Default] Building Message delivery
2015-10-26 16:31:29 -0400 [FaceTimeServiceSession(imagent:261:YES):Default] Building Message delivery
2015-10-26 16:31:29 -0400 [FaceTimeServiceSession(imagent:261:YES):Default] ...done
